Using pre-set license
Built from '2020.3/release' branch; Version is '2020.3.7f1 (dd97f2c94397) revision 14522354'; Using compiler version '192528614'; Build Type 'Release'
OS: 'Windows 10 Home; OS build 19042.985; Version 2009; 64bit' Language: 'ko' Physical Memory: 24464 MB
BatchMode: 1, IsHumanControllingUs: 0, StartBugReporterOnCrash: 0, Is64bit: 1, IsPro: 0

 COMMAND LINE ARGUMENTS:
C:\Program Files\Unity\Hub\Editor\2020.3.7f1\Editor\Unity.exe
-adb2
-batchMode
-noUpm
-name
AssetImportWorker0
-projectPath
F:/2021 1학기/game interface/game-interface
-logFile
Logs/AssetImportWorker0.log
-srvPort
50711
Successfully changed project path to: F:/2021 1학기/game interface/game-interface
F:/2021 1학기/game interface/game-interface
Using Asset Import Pipeline V2.
Refreshing native plugins compatible for Editor in 43.73 ms, found 3 plugins.
Preloading 0 native plugins for Editor in 0.00 ms.
Initialize engine version: 2020.3.7f1 (dd97f2c94397)
[Subsystems] Discovering subsystems at path C:/Program Files/Unity/Hub/Editor/2020.3.7f1/Editor/Data/Resources/UnitySubsystems
[Subsystems] Discovering subsystems at path F:/2021 1학기/game interface/game-interface/Assets
GfxDevice: creating device client; threaded=0
Direct3D:
    Version:  Direct3D 11.0 [level 11.1]
    Renderer: NVIDIA GeForce RTX 3070 (ID=0x2484)
    Vendor:   
    VRAM:     8043 MB
    Driver:   27.21.14.6663
Initialize mono
Mono path[0] = 'C:/Program Files/Unity/Hub/Editor/2020.3.7f1/Editor/Data/Managed'
Mono path[1] = 'C:/Program Files/Unity/Hub/Editor/2020.3.7f1/Editor/Data/MonoBleedingEdge/lib/mono/unityjit'
Mono config path = 'C:/Program Files/Unity/Hub/Editor/2020.3.7f1/Editor/Data/MonoBleedingEdge/etc'
Using monoOptions --debugger-agent=transport=dt_socket,embedding=1,server=y,suspend=n,address=127.0.0.1:56656
Begin MonoManager ReloadAssembly
Registering precompiled unity dll's ...
Register platform support module: C:/Program Files/Unity/Hub/Editor/2020.3.7f1/Editor/Data/PlaybackEngines/WebGLSupport/UnityEditor.WebGL.Extensions.dll
Register platform support module: C:/Program Files/Unity/Hub/Editor/2020.3.7f1/Editor/Data/PlaybackEngines/WindowsStandaloneSupport/UnityEditor.WindowsStandalone.Extensions.dll
Registered in 0.001663 seconds.
Native extension for WindowsStandalone target not found
Native extension for WebGL target not found
Refreshing native plugins compatible for Editor in 37.21 ms, found 3 plugins.
Preloading 0 native plugins for Editor in 0.00 ms.
Mono: successfully reloaded assembly
- Completed reload, in  0.839 seconds
Platform modules already initialized, skipping
Registering precompiled user dll's ...
Registered in 0.002749 seconds.
Begin MonoManager ReloadAssembly
Native extension for WindowsStandalone target not found
Native extension for WebGL target not found
Refreshing native plugins compatible for Editor in 38.82 ms, found 3 plugins.
Preloading 0 native plugins for Editor in 0.00 ms.
Mono: successfully reloaded assembly
- Completed reload, in  0.871 seconds
Platform modules already initialized, skipping
========================================================================
Worker process is ready to serve import requests
Launched and connected shader compiler UnityShaderCompiler.exe after 0.05 seconds
Refreshing native plugins compatible for Editor in 0.74 ms, found 3 plugins.
Preloading 0 native plugins for Editor in 0.00 ms.
Unloading 2562 Unused Serialized files (Serialized files now loaded: 0)
System memory in use before: 111.2 MB.
System memory in use after: 111.4 MB.

Unloading 64 unused Assets to reduce memory usage. Loaded Objects now: 2980.
Total: 4.826700 ms (FindLiveObjects: 0.289500 ms CreateObjectMapping: 0.126400 ms MarkObjects: 4.347700 ms  DeleteObjects: 0.062400 ms)

========================================================================
Received Import Request.
  path: Assets/graphics/hp2.tif
  artifactKey: Guid(86a9b630e46c89341ab4b5ea5c376d12) Importer(815301076,1909f56bfc062723c751e8b465ee728b)
Start importing Assets/graphics/hp2.tif using Guid(86a9b630e46c89341ab4b5ea5c376d12) Importer(815301076,1909f56bfc062723c751e8b465ee728b)  -> (artifact id: '20f5829d41f4b5d7ac94f7b13926f2ea') in 0.148904 seconds
  Import took 0.155283 seconds .

========================================================================
Received Import Request.
  Time since last request: 0.000192 seconds.
  path: Assets/graphics/hp1.tif
  artifactKey: Guid(8746208e83e6dcf4dafd8a1b52886bd0) Importer(815301076,1909f56bfc062723c751e8b465ee728b)
Start importing Assets/graphics/hp1.tif using Guid(8746208e83e6dcf4dafd8a1b52886bd0) Importer(815301076,1909f56bfc062723c751e8b465ee728b)  -> (artifact id: 'aa5fb56f4e4d1a5842b118848c63c3d6') in 0.042928 seconds
  Import took 0.046001 seconds .

========================================================================
Received Prepare
Registering precompiled user dll's ...
Registered in 0.002966 seconds.
Begin MonoManager ReloadAssembly
Native extension for WindowsStandalone target not found
Native extension for WebGL target not found
Refreshing native plugins compatible for Editor in 0.84 ms, found 3 plugins.
Preloading 0 native plugins for Editor in 0.00 ms.
Mono: successfully reloaded assembly
- Completed reload, in  0.813 seconds
Platform modules already initialized, skipping
Refreshing native plugins compatible for Editor in 0.75 ms, found 3 plugins.
Preloading 0 native plugins for Editor in 0.00 ms.
Unloading 2552 Unused Serialized files (Serialized files now loaded: 0)
System memory in use before: 113.7 MB.
System memory in use after: 113.9 MB.

Unloading 52 unused Assets to reduce memory usage. Loaded Objects now: 2990.
Total: 6.079800 ms (FindLiveObjects: 0.426400 ms CreateObjectMapping: 0.169800 ms MarkObjects: 5.452100 ms  DeleteObjects: 0.030500 ms)

========================================================================
Received Prepare
Registering precompiled user dll's ...
Registered in 0.003071 seconds.
Begin MonoManager ReloadAssembly
Native extension for WindowsStandalone target not found
Native extension for WebGL target not found
Refreshing native plugins compatible for Editor in 0.76 ms, found 3 plugins.
Preloading 0 native plugins for Editor in 0.00 ms.
Mono: successfully reloaded assembly
- Completed reload, in  0.819 seconds
Platform modules already initialized, skipping
Refreshing native plugins compatible for Editor in 0.79 ms, found 3 plugins.
Preloading 0 native plugins for Editor in 0.00 ms.
Unloading 2552 Unused Serialized files (Serialized files now loaded: 0)
System memory in use before: 113.7 MB.
System memory in use after: 114.0 MB.

Unloading 52 unused Assets to reduce memory usage. Loaded Objects now: 2994.
Total: 5.010900 ms (FindLiveObjects: 0.291200 ms CreateObjectMapping: 0.120800 ms MarkObjects: 4.574000 ms  DeleteObjects: 0.023900 ms)

========================================================================
Received Prepare
Registering precompiled user dll's ...
Registered in 0.002705 seconds.
Begin MonoManager ReloadAssembly
Native extension for WindowsStandalone target not found
Native extension for WebGL target not found
Refreshing native plugins compatible for Editor in 0.79 ms, found 3 plugins.
Preloading 0 native plugins for Editor in 0.00 ms.
Mono: successfully reloaded assembly
- Completed reload, in  0.809 seconds
Platform modules already initialized, skipping
Refreshing native plugins compatible for Editor in 0.76 ms, found 3 plugins.
Preloading 0 native plugins for Editor in 0.00 ms.
Unloading 2552 Unused Serialized files (Serialized files now loaded: 0)
System memory in use before: 113.8 MB.
System memory in use after: 114.0 MB.

Unloading 52 unused Assets to reduce memory usage. Loaded Objects now: 2998.
Total: 4.534500 ms (FindLiveObjects: 0.250400 ms CreateObjectMapping: 0.055800 ms MarkObjects: 4.205800 ms  DeleteObjects: 0.021700 ms)

========================================================================
Received Prepare
Registering precompiled user dll's ...
Registered in 0.003183 seconds.
Begin MonoManager ReloadAssembly
Native extension for WindowsStandalone target not found
Native extension for WebGL target not found
Refreshing native plugins compatible for Editor in 0.76 ms, found 3 plugins.
Preloading 0 native plugins for Editor in 0.00 ms.
Mono: successfully reloaded assembly
- Completed reload, in  0.774 seconds
Platform modules already initialized, skipping
Refreshing native plugins compatible for Editor in 0.72 ms, found 3 plugins.
Preloading 0 native plugins for Editor in 0.00 ms.
Unloading 2552 Unused Serialized files (Serialized files now loaded: 0)
System memory in use before: 113.8 MB.
System memory in use after: 114.0 MB.

Unloading 52 unused Assets to reduce memory usage. Loaded Objects now: 3002.
Total: 4.965500 ms (FindLiveObjects: 0.292400 ms CreateObjectMapping: 0.127300 ms MarkObjects: 4.523600 ms  DeleteObjects: 0.021200 ms)

========================================================================
Received Import Request.
  Time since last request: 366.776486 seconds.
  path: Assets/switch_craft_charactor.cs
  artifactKey: Guid(c29e4390837d8444195aa8d3639942cb) Importer(815301076,1909f56bfc062723c751e8b465ee728b)
Start importing Assets/switch_craft_charactor.cs using Guid(c29e4390837d8444195aa8d3639942cb) Importer(815301076,1909f56bfc062723c751e8b465ee728b)  -> (artifact id: '306b8f9df7e8d96c2925eeed34a4f3ca') in 0.022930 seconds
  Import took 0.026648 seconds .

========================================================================
Received Prepare
Registering precompiled user dll's ...
Registered in 0.002699 seconds.
Begin MonoManager ReloadAssembly
Native extension for WindowsStandalone target not found
Native extension for WebGL target not found
Refreshing native plugins compatible for Editor in 0.90 ms, found 3 plugins.
Preloading 0 native plugins for Editor in 0.00 ms.
Mono: successfully reloaded assembly
- Completed reload, in  0.948 seconds
Platform modules already initialized, skipping
Refreshing native plugins compatible for Editor in 0.87 ms, found 3 plugins.
Preloading 0 native plugins for Editor in 0.00 ms.
Unloading 2552 Unused Serialized files (Serialized files now loaded: 0)
System memory in use before: 113.7 MB.
System memory in use after: 113.9 MB.

Unloading 52 unused Assets to reduce memory usage. Loaded Objects now: 3006.
Total: 5.302200 ms (FindLiveObjects: 0.286800 ms CreateObjectMapping: 0.131700 ms MarkObjects: 4.859300 ms  DeleteObjects: 0.023600 ms)

========================================================================
Received Import Request.
  Time since last request: 287.476840 seconds.
  path: Assets/switch_craft_charactor.cs
  artifactKey: Guid(c29e4390837d8444195aa8d3639942cb) Importer(815301076,1909f56bfc062723c751e8b465ee728b)
Start importing Assets/switch_craft_charactor.cs using Guid(c29e4390837d8444195aa8d3639942cb) Importer(815301076,1909f56bfc062723c751e8b465ee728b)  -> (artifact id: '6e8a32f3c2a7c991b50d5486c2a82da6') in 0.020981 seconds
  Import took 0.027864 seconds .

========================================================================
Received Prepare
Registering precompiled user dll's ...
Registered in 0.002660 seconds.
Begin MonoManager ReloadAssembly
Native extension for WindowsStandalone target not found
Native extension for WebGL target not found
Refreshing native plugins compatible for Editor in 0.76 ms, found 3 plugins.
Preloading 0 native plugins for Editor in 0.00 ms.
Mono: successfully reloaded assembly
- Completed reload, in  0.796 seconds
Platform modules already initialized, skipping
Refreshing native plugins compatible for Editor in 0.73 ms, found 3 plugins.
Preloading 0 native plugins for Editor in 0.00 ms.
Unloading 2552 Unused Serialized files (Serialized files now loaded: 0)
System memory in use before: 113.8 MB.
System memory in use after: 114.0 MB.

Unloading 52 unused Assets to reduce memory usage. Loaded Objects now: 3010.
Total: 4.690700 ms (FindLiveObjects: 0.269500 ms CreateObjectMapping: 0.124900 ms MarkObjects: 4.273500 ms  DeleteObjects: 0.022100 ms)

========================================================================
Received Import Request.
  Time since last request: 39.360971 seconds.
  path: Assets/switch_craft_charactor.cs
  artifactKey: Guid(c29e4390837d8444195aa8d3639942cb) Importer(815301076,1909f56bfc062723c751e8b465ee728b)
Start importing Assets/switch_craft_charactor.cs using Guid(c29e4390837d8444195aa8d3639942cb) Importer(815301076,1909f56bfc062723c751e8b465ee728b)  -> (artifact id: '30bfbc71905d978d4cd26c577a24180c') in 0.025662 seconds
  Import took 0.029605 seconds .

========================================================================
Received Import Request.
  Time since last request: 0.000458 seconds.
  path: Assets/switch_craft_charactor.cs
  artifactKey: Guid(c29e4390837d8444195aa8d3639942cb) Importer(815301076,1909f56bfc062723c751e8b465ee728b)
Start importing Assets/switch_craft_charactor.cs using Guid(c29e4390837d8444195aa8d3639942cb) Importer(815301076,1909f56bfc062723c751e8b465ee728b)  -> (artifact id: '30bfbc71905d978d4cd26c577a24180c') in 0.017233 seconds
  Import took 0.020638 seconds .

========================================================================
Received Prepare
Registering precompiled user dll's ...
Registered in 0.002674 seconds.
Begin MonoManager ReloadAssembly
Native extension for WindowsStandalone target not found
Native extension for WebGL target not found
Refreshing native plugins compatible for Editor in 0.76 ms, found 3 plugins.
Preloading 0 native plugins for Editor in 0.00 ms.
Mono: successfully reloaded assembly
- Completed reload, in  0.779 seconds
Platform modules already initialized, skipping
Refreshing native plugins compatible for Editor in 0.74 ms, found 3 plugins.
Preloading 0 native plugins for Editor in 0.00 ms.
Unloading 2552 Unused Serialized files (Serialized files now loaded: 0)
System memory in use before: 113.8 MB.
System memory in use after: 114.0 MB.

Unloading 52 unused Assets to reduce memory usage. Loaded Objects now: 3014.
Total: 4.806300 ms (FindLiveObjects: 0.302700 ms CreateObjectMapping: 0.101900 ms MarkObjects: 4.379100 ms  DeleteObjects: 0.021800 ms)

========================================================================
Received Prepare
Registering precompiled user dll's ...
Registered in 0.002602 seconds.
Begin MonoManager ReloadAssembly
Native extension for WindowsStandalone target not found
Native extension for WebGL target not found
Refreshing native plugins compatible for Editor in 0.79 ms, found 3 plugins.
Preloading 0 native plugins for Editor in 0.00 ms.
Mono: successfully reloaded assembly
- Completed reload, in  0.785 seconds
Platform modules already initialized, skipping
Refreshing native plugins compatible for Editor in 0.73 ms, found 3 plugins.
Preloading 0 native plugins for Editor in 0.00 ms.
Unloading 2552 Unused Serialized files (Serialized files now loaded: 0)
System memory in use before: 113.8 MB.
System memory in use after: 114.1 MB.

Unloading 52 unused Assets to reduce memory usage. Loaded Objects now: 3018.
Total: 4.785200 ms (FindLiveObjects: 0.247700 ms CreateObjectMapping: 0.094300 ms MarkObjects: 4.419600 ms  DeleteObjects: 0.022900 ms)

========================================================================
Received Prepare
Registering precompiled user dll's ...
Registered in 0.002693 seconds.
Begin MonoManager ReloadAssembly
Native extension for WindowsStandalone target not found
Native extension for WebGL target not found
Refreshing native plugins compatible for Editor in 0.76 ms, found 3 plugins.
Preloading 0 native plugins for Editor in 0.00 ms.
Mono: successfully reloaded assembly
- Completed reload, in  0.768 seconds
Platform modules already initialized, skipping
Refreshing native plugins compatible for Editor in 0.70 ms, found 3 plugins.
Preloading 0 native plugins for Editor in 0.00 ms.
Unloading 2552 Unused Serialized files (Serialized files now loaded: 0)
System memory in use before: 113.8 MB.
System memory in use after: 114.1 MB.

Unloading 52 unused Assets to reduce memory usage. Loaded Objects now: 3022.
Total: 4.683400 ms (FindLiveObjects: 0.275600 ms CreateObjectMapping: 0.139400 ms MarkObjects: 4.247100 ms  DeleteObjects: 0.020600 ms)

========================================================================
Received Import Request.
  Time since last request: 559.704068 seconds.
  path: Assets/scripts/levelup_button_manager.cs
  artifactKey: Guid(ce2f1d764d6ec8a4d831c1960bddd8c3) Importer(815301076,1909f56bfc062723c751e8b465ee728b)
Start importing Assets/scripts/levelup_button_manager.cs using Guid(ce2f1d764d6ec8a4d831c1960bddd8c3) Importer(815301076,1909f56bfc062723c751e8b465ee728b)  -> (artifact id: '5be580f8e6ce95bb92d2c52ead6fdf4c') in 0.024649 seconds
  Import took 0.028336 seconds .

========================================================================
Received Prepare
Registering precompiled user dll's ...
Registered in 0.002659 seconds.
Begin MonoManager ReloadAssembly
Native extension for WindowsStandalone target not found
Native extension for WebGL target not found
Refreshing native plugins compatible for Editor in 0.77 ms, found 3 plugins.
Preloading 0 native plugins for Editor in 0.00 ms.
Mono: successfully reloaded assembly
- Completed reload, in  0.785 seconds
Platform modules already initialized, skipping
Refreshing native plugins compatible for Editor in 0.74 ms, found 3 plugins.
Preloading 0 native plugins for Editor in 0.00 ms.
Unloading 2552 Unused Serialized files (Serialized files now loaded: 0)
System memory in use before: 113.8 MB.
System memory in use after: 114.0 MB.

Unloading 52 unused Assets to reduce memory usage. Loaded Objects now: 3026.
Total: 4.818500 ms (FindLiveObjects: 0.293300 ms CreateObjectMapping: 0.113100 ms MarkObjects: 4.389700 ms  DeleteObjects: 0.021600 ms)

========================================================================
Received Import Request.
  Time since last request: 116.357383 seconds.
  path: Assets/inventory_manager.cs
  artifactKey: Guid(b089571b1e41f2042952077f8af338fd) Importer(815301076,1909f56bfc062723c751e8b465ee728b)
Start importing Assets/inventory_manager.cs using Guid(b089571b1e41f2042952077f8af338fd) Importer(815301076,1909f56bfc062723c751e8b465ee728b)  -> (artifact id: '63cb7f242a52decff1ea4dbb8c43f8c9') in 0.035316 seconds
  Import took 0.039053 seconds .

========================================================================
Received Prepare
Registering precompiled user dll's ...
Registered in 0.002845 seconds.
Begin MonoManager ReloadAssembly
Native extension for WindowsStandalone target not found
Native extension for WebGL target not found
Refreshing native plugins compatible for Editor in 0.81 ms, found 3 plugins.
Preloading 0 native plugins for Editor in 0.00 ms.
Mono: successfully reloaded assembly
- Completed reload, in  0.779 seconds
Platform modules already initialized, skipping
Refreshing native plugins compatible for Editor in 0.74 ms, found 3 plugins.
Preloading 0 native plugins for Editor in 0.00 ms.
Unloading 2552 Unused Serialized files (Serialized files now loaded: 0)
System memory in use before: 113.9 MB.
System memory in use after: 114.1 MB.

Unloading 52 unused Assets to reduce memory usage. Loaded Objects now: 3030.
Total: 4.720100 ms (FindLiveObjects: 0.245900 ms CreateObjectMapping: 0.101700 ms MarkObjects: 4.351600 ms  DeleteObjects: 0.020200 ms)

========================================================================
Received Prepare
Registering precompiled user dll's ...
Registered in 0.003043 seconds.
Begin MonoManager ReloadAssembly
Native extension for WindowsStandalone target not found
Native extension for WebGL target not found
Refreshing native plugins compatible for Editor in 0.80 ms, found 3 plugins.
Preloading 0 native plugins for Editor in 0.00 ms.
Mono: successfully reloaded assembly
- Completed reload, in  0.783 seconds
Platform modules already initialized, skipping
Refreshing native plugins compatible for Editor in 0.78 ms, found 3 plugins.
Preloading 0 native plugins for Editor in 0.00 ms.
Unloading 2552 Unused Serialized files (Serialized files now loaded: 0)
System memory in use before: 113.9 MB.
System memory in use after: 114.1 MB.

Unloading 52 unused Assets to reduce memory usage. Loaded Objects now: 3034.
Total: 4.998400 ms (FindLiveObjects: 0.270900 ms CreateObjectMapping: 0.099400 ms MarkObjects: 4.604800 ms  DeleteObjects: 0.022200 ms)

========================================================================
Received Prepare
Registering precompiled user dll's ...
Registered in 0.002876 seconds.
Begin MonoManager ReloadAssembly
Native extension for WindowsStandalone target not found
Native extension for WebGL target not found
Refreshing native plugins compatible for Editor in 0.76 ms, found 3 plugins.
Preloading 0 native plugins for Editor in 0.00 ms.
Mono: successfully reloaded assembly
- Completed reload, in  0.777 seconds
Platform modules already initialized, skipping
Refreshing native plugins compatible for Editor in 0.76 ms, found 3 plugins.
Preloading 0 native plugins for Editor in 0.00 ms.
Unloading 2552 Unused Serialized files (Serialized files now loaded: 0)
System memory in use before: 113.9 MB.
System memory in use after: 114.1 MB.

Unloading 52 unused Assets to reduce memory usage. Loaded Objects now: 3038.
Total: 4.878300 ms (FindLiveObjects: 0.266000 ms CreateObjectMapping: 0.108600 ms MarkObjects: 4.482100 ms  DeleteObjects: 0.020800 ms)

========================================================================
Received Import Request.
  Time since last request: 641.242207 seconds.
  path: Assets/graphics/inventory1.png
  artifactKey: Guid(8b2c68c8b24c86444aaa6bb5c7649ffc) Importer(815301076,1909f56bfc062723c751e8b465ee728b)
Start importing Assets/graphics/inventory1.png using Guid(8b2c68c8b24c86444aaa6bb5c7649ffc) Importer(815301076,1909f56bfc062723c751e8b465ee728b)  -> (artifact id: '8e67d7fb8b15da45c60ac6d494896a39') in 0.098821 seconds
  Import took 0.107380 seconds .

========================================================================
Received Prepare
Registering precompiled user dll's ...
Registered in 0.002895 seconds.
Begin MonoManager ReloadAssembly
Native extension for WindowsStandalone target not found
Native extension for WebGL target not found
Refreshing native plugins compatible for Editor in 0.77 ms, found 3 plugins.
Preloading 0 native plugins for Editor in 0.00 ms.
Mono: successfully reloaded assembly
- Completed reload, in  0.776 seconds
Platform modules already initialized, skipping
Refreshing native plugins compatible for Editor in 0.72 ms, found 3 plugins.
Preloading 0 native plugins for Editor in 0.00 ms.
Unloading 2552 Unused Serialized files (Serialized files now loaded: 0)
System memory in use before: 113.9 MB.
System memory in use after: 114.1 MB.

Unloading 52 unused Assets to reduce memory usage. Loaded Objects now: 3045.
Total: 4.824800 ms (FindLiveObjects: 0.265800 ms CreateObjectMapping: 0.067000 ms MarkObjects: 4.470400 ms  DeleteObjects: 0.020800 ms)

========================================================================
Received Prepare
Registering precompiled user dll's ...
Registered in 0.002791 seconds.
Begin MonoManager ReloadAssembly
Native extension for WindowsStandalone target not found
Native extension for WebGL target not found
Refreshing native plugins compatible for Editor in 0.83 ms, found 3 plugins.
Preloading 0 native plugins for Editor in 0.00 ms.
Mono: successfully reloaded assembly
- Completed reload, in  0.783 seconds
Platform modules already initialized, skipping
Refreshing native plugins compatible for Editor in 0.70 ms, found 3 plugins.
Preloading 0 native plugins for Editor in 0.00 ms.
Unloading 2552 Unused Serialized files (Serialized files now loaded: 0)
System memory in use before: 113.8 MB.
System memory in use after: 114.0 MB.

Unloading 52 unused Assets to reduce memory usage. Loaded Objects now: 3049.
Total: 4.877900 ms (FindLiveObjects: 0.341000 ms CreateObjectMapping: 0.119700 ms MarkObjects: 4.393300 ms  DeleteObjects: 0.023100 ms)

========================================================================
Received Import Request.
  Time since last request: 317.287140 seconds.
  path: Assets/switch_craft_charactor.cs
  artifactKey: Guid(c29e4390837d8444195aa8d3639942cb) Importer(815301076,1909f56bfc062723c751e8b465ee728b)
Start importing Assets/switch_craft_charactor.cs using Guid(c29e4390837d8444195aa8d3639942cb) Importer(815301076,1909f56bfc062723c751e8b465ee728b)  -> (artifact id: '9bcc8fddd41a372ad0214dcad8ec4de1') in 0.033374 seconds
  Import took 0.037028 seconds .

========================================================================
Received Prepare
Registering precompiled user dll's ...
Registered in 0.003028 seconds.
Begin MonoManager ReloadAssembly
Native extension for WindowsStandalone target not found
Native extension for WebGL target not found
Refreshing native plugins compatible for Editor in 0.76 ms, found 3 plugins.
Preloading 0 native plugins for Editor in 0.00 ms.
Mono: successfully reloaded assembly
- Completed reload, in  0.803 seconds
Platform modules already initialized, skipping
Refreshing native plugins compatible for Editor in 0.82 ms, found 3 plugins.
Preloading 0 native plugins for Editor in 0.00 ms.
Unloading 2552 Unused Serialized files (Serialized files now loaded: 0)
System memory in use before: 113.9 MB.
System memory in use after: 114.1 MB.

Unloading 52 unused Assets to reduce memory usage. Loaded Objects now: 3053.
Total: 4.841100 ms (FindLiveObjects: 0.265300 ms CreateObjectMapping: 0.059500 ms MarkObjects: 4.496000 ms  DeleteObjects: 0.019600 ms)

========================================================================
Received Prepare
Registering precompiled user dll's ...
Registered in 0.002841 seconds.
Begin MonoManager ReloadAssembly
Native extension for WindowsStandalone target not found
Native extension for WebGL target not found
Refreshing native plugins compatible for Editor in 0.77 ms, found 3 plugins.
Preloading 0 native plugins for Editor in 0.00 ms.
Mono: successfully reloaded assembly
- Completed reload, in  0.765 seconds
Platform modules already initialized, skipping
Refreshing native plugins compatible for Editor in 0.69 ms, found 3 plugins.
Preloading 0 native plugins for Editor in 0.00 ms.
Unloading 2552 Unused Serialized files (Serialized files now loaded: 0)
System memory in use before: 113.9 MB.
System memory in use after: 114.1 MB.

Unloading 52 unused Assets to reduce memory usage. Loaded Objects now: 3057.
Total: 4.568100 ms (FindLiveObjects: 0.274800 ms CreateObjectMapping: 0.095800 ms MarkObjects: 4.174100 ms  DeleteObjects: 0.022500 ms)

========================================================================
Received Prepare
Refreshing native plugins compatible for Editor in 7.32 ms, found 3 plugins.
Preloading 0 native plugins for Editor in 0.00 ms.
Unloading 50 Unused Serialized files (Serialized files now loaded: 0)
System memory in use before: 64.5 MB.
System memory in use after: 64.8 MB.

Unloading 50 unused Assets to reduce memory usage. Loaded Objects now: 3057.
Total: 4.652600 ms (FindLiveObjects: 0.271800 ms CreateObjectMapping: 0.121400 ms MarkObjects: 4.241700 ms  DeleteObjects: 0.016600 ms)

