Using pre-set license
Built from '2020.3/release' branch; Version is '2020.3.7f1 (dd97f2c94397) revision 14522354'; Using compiler version '192528614'; Build Type 'Release'
OS: 'Windows 10 Home; OS build 19042.985; Version 2009; 64bit' Language: 'ko' Physical Memory: 24464 MB
BatchMode: 1, IsHumanControllingUs: 0, StartBugReporterOnCrash: 0, Is64bit: 1, IsPro: 0

 COMMAND LINE ARGUMENTS:
C:\Program Files\Unity\Hub\Editor\2020.3.7f1\Editor\Unity.exe
-adb2
-batchMode
-noUpm
-name
AssetImportWorker0
-projectPath
F:/2021 1학기/game interface/game-interface
-logFile
Logs/AssetImportWorker0.log
-srvPort
64588
Successfully changed project path to: F:/2021 1학기/game interface/game-interface
F:/2021 1학기/game interface/game-interface
Using Asset Import Pipeline V2.
Refreshing native plugins compatible for Editor in 24.17 ms, found 1 plugins.
Preloading 0 native plugins for Editor in 0.00 ms.
Initialize engine version: 2020.3.7f1 (dd97f2c94397)
[Subsystems] Discovering subsystems at path C:/Program Files/Unity/Hub/Editor/2020.3.7f1/Editor/Data/Resources/UnitySubsystems
[Subsystems] Discovering subsystems at path F:/2021 1학기/game interface/game-interface/Assets
GfxDevice: creating device client; threaded=0
Direct3D:
    Version:  Direct3D 11.0 [level 11.1]
    Renderer: NVIDIA GeForce RTX 3070 (ID=0x2484)
    Vendor:   
    VRAM:     8043 MB
    Driver:   27.21.14.6647
Initialize mono
Mono path[0] = 'C:/Program Files/Unity/Hub/Editor/2020.3.7f1/Editor/Data/Managed'
Mono path[1] = 'C:/Program Files/Unity/Hub/Editor/2020.3.7f1/Editor/Data/MonoBleedingEdge/lib/mono/unityjit'
Mono config path = 'C:/Program Files/Unity/Hub/Editor/2020.3.7f1/Editor/Data/MonoBleedingEdge/etc'
Using monoOptions --debugger-agent=transport=dt_socket,embedding=1,server=y,suspend=n,address=127.0.0.1:56728
Begin MonoManager ReloadAssembly
Registering precompiled unity dll's ...
Register platform support module: C:/Program Files/Unity/Hub/Editor/2020.3.7f1/Editor/Data/PlaybackEngines/WebGLSupport/UnityEditor.WebGL.Extensions.dll
Register platform support module: C:/Program Files/Unity/Hub/Editor/2020.3.7f1/Editor/Data/PlaybackEngines/WindowsStandaloneSupport/UnityEditor.WindowsStandalone.Extensions.dll
Registered in 0.001662 seconds.
Native extension for WindowsStandalone target not found
Native extension for WebGL target not found
Refreshing native plugins compatible for Editor in 26.18 ms, found 1 plugins.
Preloading 0 native plugins for Editor in 0.00 ms.
Mono: successfully reloaded assembly
- Completed reload, in  0.840 seconds
Platform modules already initialized, skipping
Registering precompiled user dll's ...
Registered in 0.000521 seconds.
Begin MonoManager ReloadAssembly
Native extension for WindowsStandalone target not found
Native extension for WebGL target not found
Refreshing native plugins compatible for Editor in 26.50 ms, found 1 plugins.
Preloading 0 native plugins for Editor in 0.00 ms.
Mono: successfully reloaded assembly
- Completed reload, in  0.670 seconds
Platform modules already initialized, skipping
========================================================================
Worker process is ready to serve import requests
Launched and connected shader compiler UnityShaderCompiler.exe after 0.04 seconds
Refreshing native plugins compatible for Editor in 0.39 ms, found 1 plugins.
Preloading 0 native plugins for Editor in 0.00 ms.
Unloading 1819 Unused Serialized files (Serialized files now loaded: 0)
System memory in use before: 85.2 MB.
System memory in use after: 85.2 MB.

Unloading 19 unused Assets to reduce memory usage. Loaded Objects now: 2268.
Total: 2.509900 ms (FindLiveObjects: 0.302200 ms CreateObjectMapping: 0.120500 ms MarkObjects: 2.032400 ms  DeleteObjects: 0.054200 ms)

========================================================================
Received Import Request.
  path: Assets/scripts/health_bar_management.cs
  artifactKey: Guid(32717165f4969644eb66df168cea82d0) Importer(815301076,1909f56bfc062723c751e8b465ee728b)
Start importing Assets/scripts/health_bar_management.cs using Guid(32717165f4969644eb66df168cea82d0) Importer(815301076,1909f56bfc062723c751e8b465ee728b)  -> (artifact id: 'ef3b7f268008d25f7f99db620fd37271') in 0.029543 seconds
  Import took 0.032661 seconds .

========================================================================
Received Prepare
Registering precompiled user dll's ...
Registered in 0.000702 seconds.
Begin MonoManager ReloadAssembly
Native extension for WindowsStandalone target not found
Native extension for WebGL target not found
Refreshing native plugins compatible for Editor in 0.38 ms, found 1 plugins.
Preloading 0 native plugins for Editor in 0.00 ms.
Mono: successfully reloaded assembly
- Completed reload, in  0.552 seconds
Platform modules already initialized, skipping
Refreshing native plugins compatible for Editor in 0.32 ms, found 1 plugins.
Preloading 0 native plugins for Editor in 0.00 ms.
Unloading 1809 Unused Serialized files (Serialized files now loaded: 0)
System memory in use before: 84.6 MB.
System memory in use after: 84.7 MB.

Unloading 7 unused Assets to reduce memory usage. Loaded Objects now: 2272.
Total: 1.623700 ms (FindLiveObjects: 0.188400 ms CreateObjectMapping: 0.055500 ms MarkObjects: 1.363900 ms  DeleteObjects: 0.015200 ms)

========================================================================
Received Prepare
Registering precompiled user dll's ...
Registered in 0.000607 seconds.
Begin MonoManager ReloadAssembly
Native extension for WindowsStandalone target not found
Native extension for WebGL target not found
Refreshing native plugins compatible for Editor in 0.38 ms, found 1 plugins.
Preloading 0 native plugins for Editor in 0.00 ms.
Mono: successfully reloaded assembly
- Completed reload, in  0.544 seconds
Platform modules already initialized, skipping
Refreshing native plugins compatible for Editor in 0.30 ms, found 1 plugins.
Preloading 0 native plugins for Editor in 0.00 ms.
Unloading 1809 Unused Serialized files (Serialized files now loaded: 0)
System memory in use before: 84.7 MB.
System memory in use after: 84.8 MB.

Unloading 7 unused Assets to reduce memory usage. Loaded Objects now: 2276.
Total: 1.744300 ms (FindLiveObjects: 0.193000 ms CreateObjectMapping: 0.062900 ms MarkObjects: 1.473900 ms  DeleteObjects: 0.013500 ms)

========================================================================
Received Prepare
Registering precompiled user dll's ...
Registered in 0.000455 seconds.
Begin MonoManager ReloadAssembly
Native extension for WindowsStandalone target not found
Native extension for WebGL target not found
Refreshing native plugins compatible for Editor in 0.36 ms, found 1 plugins.
Preloading 0 native plugins for Editor in 0.00 ms.
Mono: successfully reloaded assembly
- Completed reload, in  0.553 seconds
Platform modules already initialized, skipping
Refreshing native plugins compatible for Editor in 0.28 ms, found 1 plugins.
Preloading 0 native plugins for Editor in 0.00 ms.
Unloading 1809 Unused Serialized files (Serialized files now loaded: 0)
System memory in use before: 84.7 MB.
System memory in use after: 84.8 MB.

Unloading 7 unused Assets to reduce memory usage. Loaded Objects now: 2280.
Total: 1.952500 ms (FindLiveObjects: 0.170900 ms CreateObjectMapping: 0.042300 ms MarkObjects: 1.726000 ms  DeleteObjects: 0.012500 ms)

========================================================================
Received Prepare
Registering precompiled user dll's ...
Registered in 0.000444 seconds.
Begin MonoManager ReloadAssembly
Native extension for WindowsStandalone target not found
Native extension for WebGL target not found
Refreshing native plugins compatible for Editor in 0.37 ms, found 1 plugins.
Preloading 0 native plugins for Editor in 0.00 ms.
Mono: successfully reloaded assembly
- Completed reload, in  0.547 seconds
Platform modules already initialized, skipping
Refreshing native plugins compatible for Editor in 0.26 ms, found 1 plugins.
Preloading 0 native plugins for Editor in 0.00 ms.
Unloading 1809 Unused Serialized files (Serialized files now loaded: 0)
System memory in use before: 84.7 MB.
System memory in use after: 84.8 MB.

Unloading 7 unused Assets to reduce memory usage. Loaded Objects now: 2284.
Total: 1.648000 ms (FindLiveObjects: 0.180100 ms CreateObjectMapping: 0.045600 ms MarkObjects: 1.407500 ms  DeleteObjects: 0.014000 ms)

========================================================================
Received Import Request.
  Time since last request: 639.791042 seconds.
  path: Assets/scripts/Player.cs
  artifactKey: Guid(ab51113e0618f434cb27c70576446a49) Importer(815301076,1909f56bfc062723c751e8b465ee728b)
Start importing Assets/scripts/Player.cs using Guid(ab51113e0618f434cb27c70576446a49) Importer(815301076,1909f56bfc062723c751e8b465ee728b)  -> (artifact id: '974de476c2c0a969a70131729b473701') in 0.032799 seconds
  Import took 0.035482 seconds .

========================================================================
Received Import Request.
  Time since last request: 43.107179 seconds.
  path: Assets/scripts/fade_in_out.cs
  artifactKey: Guid(d824a33cbb2efe34d9b1c007f953c215) Importer(815301076,1909f56bfc062723c751e8b465ee728b)
Start importing Assets/scripts/fade_in_out.cs using Guid(d824a33cbb2efe34d9b1c007f953c215) Importer(815301076,1909f56bfc062723c751e8b465ee728b)  -> (artifact id: 'ade495697a64cb72648318c5d08df35f') in 0.015503 seconds
  Import took 0.017988 seconds .

========================================================================
Received Prepare
Registering precompiled user dll's ...
Registered in 0.000450 seconds.
Begin MonoManager ReloadAssembly
Native extension for WindowsStandalone target not found
Native extension for WebGL target not found
Refreshing native plugins compatible for Editor in 0.44 ms, found 1 plugins.
Preloading 0 native plugins for Editor in 0.00 ms.
Mono: successfully reloaded assembly
- Completed reload, in  0.558 seconds
Platform modules already initialized, skipping
Refreshing native plugins compatible for Editor in 0.25 ms, found 1 plugins.
Preloading 0 native plugins for Editor in 0.00 ms.
Unloading 1810 Unused Serialized files (Serialized files now loaded: 0)
System memory in use before: 84.7 MB.
System memory in use after: 84.8 MB.

Unloading 7 unused Assets to reduce memory usage. Loaded Objects now: 2289.
Total: 1.626100 ms (FindLiveObjects: 0.211800 ms CreateObjectMapping: 0.036900 ms MarkObjects: 1.363100 ms  DeleteObjects: 0.013300 ms)

========================================================================
Received Prepare
Registering precompiled user dll's ...
Registered in 0.000788 seconds.
Begin MonoManager ReloadAssembly
Native extension for WindowsStandalone target not found
Native extension for WebGL target not found
Refreshing native plugins compatible for Editor in 0.37 ms, found 1 plugins.
Preloading 0 native plugins for Editor in 0.00 ms.
Mono: successfully reloaded assembly
- Completed reload, in  0.581 seconds
Platform modules already initialized, skipping
Refreshing native plugins compatible for Editor in 0.35 ms, found 1 plugins.
Preloading 0 native plugins for Editor in 0.00 ms.
Unloading 1810 Unused Serialized files (Serialized files now loaded: 0)
System memory in use before: 84.7 MB.
System memory in use after: 84.9 MB.

Unloading 7 unused Assets to reduce memory usage. Loaded Objects now: 2293.
Total: 1.941400 ms (FindLiveObjects: 0.209600 ms CreateObjectMapping: 0.051700 ms MarkObjects: 1.665200 ms  DeleteObjects: 0.014000 ms)

========================================================================
Received Import Request.
  Time since last request: 18.662620 seconds.
  path: Assets/scripts/fade_in_out.cs
  artifactKey: Guid(d824a33cbb2efe34d9b1c007f953c215) Importer(815301076,1909f56bfc062723c751e8b465ee728b)
Start importing Assets/scripts/fade_in_out.cs using Guid(d824a33cbb2efe34d9b1c007f953c215) Importer(815301076,1909f56bfc062723c751e8b465ee728b)  -> (artifact id: '1f0f487b4bf699eb93d6da6cc28ac982') in 0.018759 seconds
  Import took 0.021082 seconds .

========================================================================
Received Prepare
Registering precompiled user dll's ...
Registered in 0.000544 seconds.
Begin MonoManager ReloadAssembly
Native extension for WindowsStandalone target not found
Native extension for WebGL target not found
Refreshing native plugins compatible for Editor in 0.36 ms, found 1 plugins.
Preloading 0 native plugins for Editor in 0.00 ms.
Mono: successfully reloaded assembly
- Completed reload, in  0.543 seconds
Platform modules already initialized, skipping
Refreshing native plugins compatible for Editor in 0.32 ms, found 1 plugins.
Preloading 0 native plugins for Editor in 0.00 ms.
Unloading 1810 Unused Serialized files (Serialized files now loaded: 0)
System memory in use before: 84.7 MB.
System memory in use after: 84.9 MB.

Unloading 7 unused Assets to reduce memory usage. Loaded Objects now: 2297.
Total: 1.707700 ms (FindLiveObjects: 0.165300 ms CreateObjectMapping: 0.049800 ms MarkObjects: 1.480000 ms  DeleteObjects: 0.011800 ms)

========================================================================
Received Prepare
Registering precompiled user dll's ...
Registered in 0.000464 seconds.
Begin MonoManager ReloadAssembly
Native extension for WindowsStandalone target not found
Native extension for WebGL target not found
Refreshing native plugins compatible for Editor in 0.39 ms, found 1 plugins.
Preloading 0 native plugins for Editor in 0.00 ms.
Mono: successfully reloaded assembly
- Completed reload, in  0.542 seconds
Platform modules already initialized, skipping
Refreshing native plugins compatible for Editor in 0.27 ms, found 1 plugins.
Preloading 0 native plugins for Editor in 0.00 ms.
Unloading 1810 Unused Serialized files (Serialized files now loaded: 0)
System memory in use before: 84.8 MB.
System memory in use after: 84.9 MB.

Unloading 7 unused Assets to reduce memory usage. Loaded Objects now: 2301.
Total: 1.615200 ms (FindLiveObjects: 0.183800 ms CreateObjectMapping: 0.053000 ms MarkObjects: 1.367200 ms  DeleteObjects: 0.010600 ms)

========================================================================
Received Prepare
Registering precompiled user dll's ...
Registered in 0.000501 seconds.
Begin MonoManager ReloadAssembly
Native extension for WindowsStandalone target not found
Native extension for WebGL target not found
Refreshing native plugins compatible for Editor in 0.36 ms, found 1 plugins.
Preloading 0 native plugins for Editor in 0.00 ms.
Mono: successfully reloaded assembly
- Completed reload, in  0.565 seconds
Platform modules already initialized, skipping
Refreshing native plugins compatible for Editor in 0.32 ms, found 1 plugins.
Preloading 0 native plugins for Editor in 0.00 ms.
Unloading 1810 Unused Serialized files (Serialized files now loaded: 0)
System memory in use before: 84.8 MB.
System memory in use after: 84.9 MB.

Unloading 7 unused Assets to reduce memory usage. Loaded Objects now: 2305.
Total: 1.725100 ms (FindLiveObjects: 0.178400 ms CreateObjectMapping: 0.044900 ms MarkObjects: 1.488100 ms  DeleteObjects: 0.013100 ms)

========================================================================
Received Prepare
Registering precompiled user dll's ...
Registered in 0.000464 seconds.
Begin MonoManager ReloadAssembly
Native extension for WindowsStandalone target not found
Native extension for WebGL target not found
Refreshing native plugins compatible for Editor in 0.38 ms, found 1 plugins.
Preloading 0 native plugins for Editor in 0.00 ms.
Mono: successfully reloaded assembly
- Completed reload, in  0.539 seconds
Platform modules already initialized, skipping
Refreshing native plugins compatible for Editor in 0.26 ms, found 1 plugins.
Preloading 0 native plugins for Editor in 0.00 ms.
Unloading 1810 Unused Serialized files (Serialized files now loaded: 0)
System memory in use before: 84.8 MB.
System memory in use after: 84.9 MB.

Unloading 7 unused Assets to reduce memory usage. Loaded Objects now: 2309.
Total: 1.697400 ms (FindLiveObjects: 0.223000 ms CreateObjectMapping: 0.043500 ms MarkObjects: 1.417100 ms  DeleteObjects: 0.013000 ms)

========================================================================
Received Prepare
Registering precompiled user dll's ...
Registered in 0.000583 seconds.
Begin MonoManager ReloadAssembly
Native extension for WindowsStandalone target not found
Native extension for WebGL target not found
Refreshing native plugins compatible for Editor in 0.37 ms, found 1 plugins.
Preloading 0 native plugins for Editor in 0.00 ms.
Mono: successfully reloaded assembly
- Completed reload, in  0.549 seconds
Platform modules already initialized, skipping
Refreshing native plugins compatible for Editor in 0.27 ms, found 1 plugins.
Preloading 0 native plugins for Editor in 0.00 ms.
Unloading 1810 Unused Serialized files (Serialized files now loaded: 0)
System memory in use before: 84.8 MB.
System memory in use after: 84.9 MB.

Unloading 7 unused Assets to reduce memory usage. Loaded Objects now: 2313.
Total: 1.699700 ms (FindLiveObjects: 0.233500 ms CreateObjectMapping: 0.045900 ms MarkObjects: 1.408600 ms  DeleteObjects: 0.010700 ms)

========================================================================
Received Prepare
Registering precompiled user dll's ...
Registered in 0.000439 seconds.
Begin MonoManager ReloadAssembly
Native extension for WindowsStandalone target not found
Native extension for WebGL target not found
Refreshing native plugins compatible for Editor in 0.36 ms, found 1 plugins.
Preloading 0 native plugins for Editor in 0.00 ms.
Mono: successfully reloaded assembly
- Completed reload, in  0.531 seconds
Platform modules already initialized, skipping
Refreshing native plugins compatible for Editor in 0.27 ms, found 1 plugins.
Preloading 0 native plugins for Editor in 0.00 ms.
Unloading 1810 Unused Serialized files (Serialized files now loaded: 0)
System memory in use before: 84.8 MB.
System memory in use after: 84.9 MB.

Unloading 7 unused Assets to reduce memory usage. Loaded Objects now: 2317.
Total: 1.755100 ms (FindLiveObjects: 0.185500 ms CreateObjectMapping: 0.044600 ms MarkObjects: 1.510900 ms  DeleteObjects: 0.013500 ms)

========================================================================
Received Prepare
Registering precompiled user dll's ...
Registered in 0.000475 seconds.
Begin MonoManager ReloadAssembly
Native extension for WindowsStandalone target not found
Native extension for WebGL target not found
Refreshing native plugins compatible for Editor in 0.36 ms, found 1 plugins.
Preloading 0 native plugins for Editor in 0.00 ms.
Mono: successfully reloaded assembly
- Completed reload, in  0.536 seconds
Platform modules already initialized, skipping
Refreshing native plugins compatible for Editor in 0.26 ms, found 1 plugins.
Preloading 0 native plugins for Editor in 0.00 ms.
Unloading 1810 Unused Serialized files (Serialized files now loaded: 0)
System memory in use before: 84.8 MB.
System memory in use after: 84.9 MB.

Unloading 7 unused Assets to reduce memory usage. Loaded Objects now: 2321.
Total: 1.725500 ms (FindLiveObjects: 0.223000 ms CreateObjectMapping: 0.049200 ms MarkObjects: 1.440100 ms  DeleteObjects: 0.012300 ms)

========================================================================
Received Prepare
Registering precompiled user dll's ...
Registered in 0.000544 seconds.
Begin MonoManager ReloadAssembly
Native extension for WindowsStandalone target not found
Native extension for WebGL target not found
Refreshing native plugins compatible for Editor in 0.36 ms, found 1 plugins.
Preloading 0 native plugins for Editor in 0.00 ms.
Mono: successfully reloaded assembly
- Completed reload, in  0.576 seconds
Platform modules already initialized, skipping
Refreshing native plugins compatible for Editor in 0.32 ms, found 1 plugins.
Preloading 0 native plugins for Editor in 0.00 ms.
Unloading 1810 Unused Serialized files (Serialized files now loaded: 0)
System memory in use before: 84.8 MB.
System memory in use after: 84.9 MB.

Unloading 7 unused Assets to reduce memory usage. Loaded Objects now: 2325.
Total: 1.776300 ms (FindLiveObjects: 0.230600 ms CreateObjectMapping: 0.036200 ms MarkObjects: 1.495600 ms  DeleteObjects: 0.013000 ms)

========================================================================
Received Prepare
Registering precompiled user dll's ...
Registered in 0.000546 seconds.
Begin MonoManager ReloadAssembly
Native extension for WindowsStandalone target not found
Native extension for WebGL target not found
Refreshing native plugins compatible for Editor in 0.38 ms, found 1 plugins.
Preloading 0 native plugins for Editor in 0.00 ms.
Mono: successfully reloaded assembly
- Completed reload, in  0.552 seconds
Platform modules already initialized, skipping
Refreshing native plugins compatible for Editor in 0.30 ms, found 1 plugins.
Preloading 0 native plugins for Editor in 0.00 ms.
Unloading 1810 Unused Serialized files (Serialized files now loaded: 0)
System memory in use before: 84.8 MB.
System memory in use after: 84.9 MB.

Unloading 7 unused Assets to reduce memory usage. Loaded Objects now: 2329.
Total: 1.757700 ms (FindLiveObjects: 0.199000 ms CreateObjectMapping: 0.050200 ms MarkObjects: 1.492600 ms  DeleteObjects: 0.015300 ms)

========================================================================
Received Prepare
Registering precompiled user dll's ...
Registered in 0.000524 seconds.
Begin MonoManager ReloadAssembly
Native extension for WindowsStandalone target not found
Native extension for WebGL target not found
Refreshing native plugins compatible for Editor in 0.37 ms, found 1 plugins.
Preloading 0 native plugins for Editor in 0.00 ms.
Mono: successfully reloaded assembly
- Completed reload, in  0.553 seconds
Platform modules already initialized, skipping
Refreshing native plugins compatible for Editor in 0.33 ms, found 1 plugins.
Preloading 0 native plugins for Editor in 0.00 ms.
Unloading 1810 Unused Serialized files (Serialized files now loaded: 0)
System memory in use before: 84.8 MB.
System memory in use after: 84.9 MB.

Unloading 7 unused Assets to reduce memory usage. Loaded Objects now: 2333.
Total: 1.779000 ms (FindLiveObjects: 0.216200 ms CreateObjectMapping: 0.045000 ms MarkObjects: 1.504800 ms  DeleteObjects: 0.012100 ms)

========================================================================
Received Prepare
Registering precompiled user dll's ...
Registered in 0.000498 seconds.
Begin MonoManager ReloadAssembly
Native extension for WindowsStandalone target not found
Native extension for WebGL target not found
Refreshing native plugins compatible for Editor in 0.37 ms, found 1 plugins.
Preloading 0 native plugins for Editor in 0.00 ms.
Mono: successfully reloaded assembly
- Completed reload, in  0.543 seconds
Platform modules already initialized, skipping
Refreshing native plugins compatible for Editor in 0.28 ms, found 1 plugins.
Preloading 0 native plugins for Editor in 0.00 ms.
Unloading 1810 Unused Serialized files (Serialized files now loaded: 0)
System memory in use before: 84.8 MB.
System memory in use after: 84.9 MB.

Unloading 7 unused Assets to reduce memory usage. Loaded Objects now: 2337.
Total: 1.932500 ms (FindLiveObjects: 0.200800 ms CreateObjectMapping: 0.049200 ms MarkObjects: 1.667500 ms  DeleteObjects: 0.014200 ms)

========================================================================
Received Prepare
Registering precompiled user dll's ...
Registered in 0.000612 seconds.
Begin MonoManager ReloadAssembly
Native extension for WindowsStandalone target not found
Native extension for WebGL target not found
Refreshing native plugins compatible for Editor in 0.38 ms, found 1 plugins.
Preloading 0 native plugins for Editor in 0.00 ms.
Mono: successfully reloaded assembly
- Completed reload, in  0.582 seconds
Platform modules already initialized, skipping
Refreshing native plugins compatible for Editor in 0.35 ms, found 1 plugins.
Preloading 0 native plugins for Editor in 0.00 ms.
Unloading 1810 Unused Serialized files (Serialized files now loaded: 0)
System memory in use before: 84.8 MB.
System memory in use after: 85.0 MB.

Unloading 7 unused Assets to reduce memory usage. Loaded Objects now: 2341.
Total: 2.467400 ms (FindLiveObjects: 0.190000 ms CreateObjectMapping: 0.055100 ms MarkObjects: 2.204700 ms  DeleteObjects: 0.016600 ms)

========================================================================
Received Prepare
Registering precompiled user dll's ...
Registered in 0.000470 seconds.
Begin MonoManager ReloadAssembly
Native extension for WindowsStandalone target not found
Native extension for WebGL target not found
Refreshing native plugins compatible for Editor in 0.39 ms, found 1 plugins.
Preloading 0 native plugins for Editor in 0.00 ms.
Mono: successfully reloaded assembly
- Completed reload, in  0.593 seconds
Platform modules already initialized, skipping
Refreshing native plugins compatible for Editor in 0.35 ms, found 1 plugins.
Preloading 0 native plugins for Editor in 0.00 ms.
Unloading 1810 Unused Serialized files (Serialized files now loaded: 0)
System memory in use before: 84.9 MB.
System memory in use after: 85.0 MB.

Unloading 7 unused Assets to reduce memory usage. Loaded Objects now: 2345.
Total: 1.996100 ms (FindLiveObjects: 0.263600 ms CreateObjectMapping: 0.091300 ms MarkObjects: 1.625900 ms  DeleteObjects: 0.014100 ms)

========================================================================
Received Prepare
Registering precompiled user dll's ...
Registered in 0.000666 seconds.
Begin MonoManager ReloadAssembly
Native extension for WindowsStandalone target not found
Native extension for WebGL target not found
Refreshing native plugins compatible for Editor in 0.36 ms, found 1 plugins.
Preloading 0 native plugins for Editor in 0.00 ms.
Mono: successfully reloaded assembly
- Completed reload, in  0.532 seconds
Platform modules already initialized, skipping
Refreshing native plugins compatible for Editor in 0.28 ms, found 1 plugins.
Preloading 0 native plugins for Editor in 0.00 ms.
Unloading 1810 Unused Serialized files (Serialized files now loaded: 0)
System memory in use before: 84.9 MB.
System memory in use after: 85.0 MB.

Unloading 7 unused Assets to reduce memory usage. Loaded Objects now: 2349.
Total: 1.595700 ms (FindLiveObjects: 0.177700 ms CreateObjectMapping: 0.043100 ms MarkObjects: 1.361500 ms  DeleteObjects: 0.012700 ms)

========================================================================
Received Prepare
Registering precompiled user dll's ...
Registered in 0.000480 seconds.
Begin MonoManager ReloadAssembly
Native extension for WindowsStandalone target not found
Native extension for WebGL target not found
Refreshing native plugins compatible for Editor in 0.62 ms, found 1 plugins.
Preloading 0 native plugins for Editor in 0.00 ms.
Mono: successfully reloaded assembly
- Completed reload, in  0.554 seconds
Platform modules already initialized, skipping
Refreshing native plugins compatible for Editor in 0.27 ms, found 1 plugins.
Preloading 0 native plugins for Editor in 0.00 ms.
Unloading 1810 Unused Serialized files (Serialized files now loaded: 0)
System memory in use before: 84.9 MB.
System memory in use after: 85.0 MB.

Unloading 7 unused Assets to reduce memory usage. Loaded Objects now: 2353.
Total: 1.862500 ms (FindLiveObjects: 0.259500 ms CreateObjectMapping: 0.045500 ms MarkObjects: 1.545900 ms  DeleteObjects: 0.010700 ms)

========================================================================
Received Prepare
Registering precompiled user dll's ...
Registered in 0.000476 seconds.
Begin MonoManager ReloadAssembly
Native extension for WindowsStandalone target not found
Native extension for WebGL target not found
Refreshing native plugins compatible for Editor in 0.37 ms, found 1 plugins.
Preloading 0 native plugins for Editor in 0.00 ms.
Mono: successfully reloaded assembly
- Completed reload, in  0.548 seconds
Platform modules already initialized, skipping
Refreshing native plugins compatible for Editor in 0.32 ms, found 1 plugins.
Preloading 0 native plugins for Editor in 0.00 ms.
Unloading 1810 Unused Serialized files (Serialized files now loaded: 0)
System memory in use before: 84.9 MB.
System memory in use after: 85.0 MB.

Unloading 7 unused Assets to reduce memory usage. Loaded Objects now: 2357.
Total: 1.765700 ms (FindLiveObjects: 0.200100 ms CreateObjectMapping: 0.049900 ms MarkObjects: 1.501200 ms  DeleteObjects: 0.013800 ms)

========================================================================
Received Prepare
Registering precompiled user dll's ...
Registered in 0.000461 seconds.
Begin MonoManager ReloadAssembly
Native extension for WindowsStandalone target not found
Native extension for WebGL target not found
Refreshing native plugins compatible for Editor in 0.41 ms, found 1 plugins.
Preloading 0 native plugins for Editor in 0.00 ms.
Mono: successfully reloaded assembly
- Completed reload, in  0.542 seconds
Platform modules already initialized, skipping
Refreshing native plugins compatible for Editor in 0.32 ms, found 1 plugins.
Preloading 0 native plugins for Editor in 0.00 ms.
Unloading 1810 Unused Serialized files (Serialized files now loaded: 0)
System memory in use before: 84.9 MB.
System memory in use after: 85.0 MB.

Unloading 7 unused Assets to reduce memory usage. Loaded Objects now: 2361.
Total: 1.781300 ms (FindLiveObjects: 0.209300 ms CreateObjectMapping: 0.046000 ms MarkObjects: 1.512100 ms  DeleteObjects: 0.013100 ms)

========================================================================
Received Prepare
Registering precompiled user dll's ...
Registered in 0.000499 seconds.
Begin MonoManager ReloadAssembly
Native extension for WindowsStandalone target not found
Native extension for WebGL target not found
Refreshing native plugins compatible for Editor in 0.38 ms, found 1 plugins.
Preloading 0 native plugins for Editor in 0.00 ms.
Mono: successfully reloaded assembly
- Completed reload, in  0.528 seconds
Platform modules already initialized, skipping
Refreshing native plugins compatible for Editor in 0.26 ms, found 1 plugins.
Preloading 0 native plugins for Editor in 0.00 ms.
Unloading 1810 Unused Serialized files (Serialized files now loaded: 0)
System memory in use before: 84.9 MB.
System memory in use after: 85.0 MB.

Unloading 7 unused Assets to reduce memory usage. Loaded Objects now: 2365.
Total: 1.769300 ms (FindLiveObjects: 0.186300 ms CreateObjectMapping: 0.048500 ms MarkObjects: 1.518600 ms  DeleteObjects: 0.015100 ms)

========================================================================
Received Prepare
Registering precompiled user dll's ...
Registered in 0.000531 seconds.
Begin MonoManager ReloadAssembly
Native extension for WindowsStandalone target not found
Native extension for WebGL target not found
Refreshing native plugins compatible for Editor in 0.37 ms, found 1 plugins.
Preloading 0 native plugins for Editor in 0.00 ms.
Mono: successfully reloaded assembly
- Completed reload, in  0.546 seconds
Platform modules already initialized, skipping
Refreshing native plugins compatible for Editor in 0.32 ms, found 1 plugins.
Preloading 0 native plugins for Editor in 0.00 ms.
Unloading 1810 Unused Serialized files (Serialized files now loaded: 0)
System memory in use before: 84.9 MB.
System memory in use after: 85.0 MB.

Unloading 7 unused Assets to reduce memory usage. Loaded Objects now: 2369.
Total: 2.321400 ms (FindLiveObjects: 0.291300 ms CreateObjectMapping: 0.053600 ms MarkObjects: 1.960800 ms  DeleteObjects: 0.014300 ms)

========================================================================
Received Prepare
Registering precompiled user dll's ...
Registered in 0.000678 seconds.
Begin MonoManager ReloadAssembly
Native extension for WindowsStandalone target not found
Native extension for WebGL target not found
Refreshing native plugins compatible for Editor in 0.37 ms, found 1 plugins.
Preloading 0 native plugins for Editor in 0.00 ms.
Mono: successfully reloaded assembly
- Completed reload, in  0.546 seconds
Platform modules already initialized, skipping
Refreshing native plugins compatible for Editor in 0.32 ms, found 1 plugins.
Preloading 0 native plugins for Editor in 0.00 ms.
Unloading 1810 Unused Serialized files (Serialized files now loaded: 0)
System memory in use before: 84.9 MB.
System memory in use after: 85.0 MB.

Unloading 7 unused Assets to reduce memory usage. Loaded Objects now: 2373.
Total: 1.756000 ms (FindLiveObjects: 0.222200 ms CreateObjectMapping: 0.052200 ms MarkObjects: 1.468600 ms  DeleteObjects: 0.012100 ms)

========================================================================
Received Import Request.
  Time since last request: 2458.362175 seconds.
  path: Assets/graphics/Food.png
  artifactKey: Guid(143540eb887e6dd4d9961daec2eacb4e) Importer(815301076,1909f56bfc062723c751e8b465ee728b)
Start importing Assets/graphics/Food.png using Guid(143540eb887e6dd4d9961daec2eacb4e) Importer(815301076,1909f56bfc062723c751e8b465ee728b)  -> (artifact id: 'db738e447f0df5b39941f728574d3891') in 0.110071 seconds
  Import took 0.113057 seconds .

========================================================================
Received Import Request.
  Time since last request: 0.000160 seconds.
  path: Assets/graphics/Slingshot.png
  artifactKey: Guid(c254e0c3a381ae649a28dc92eeb7091b) Importer(815301076,1909f56bfc062723c751e8b465ee728b)
Start importing Assets/graphics/Slingshot.png using Guid(c254e0c3a381ae649a28dc92eeb7091b) Importer(815301076,1909f56bfc062723c751e8b465ee728b)  -> (artifact id: '3497c702bb0b017299d0edf1b62c95cf') in 0.042768 seconds
  Import took 0.044821 seconds .

========================================================================
Received Import Request.
  Time since last request: 0.000144 seconds.
  path: Assets/graphics/Torch.png
  artifactKey: Guid(77cd06c54578e3a468da2cb8639de3b1) Importer(815301076,1909f56bfc062723c751e8b465ee728b)
Start importing Assets/graphics/Torch.png using Guid(77cd06c54578e3a468da2cb8639de3b1) Importer(815301076,1909f56bfc062723c751e8b465ee728b)  -> (artifact id: '9a22131ea3de265c37e6fa7bd9b2ca8b') in 0.049646 seconds
  Import took 0.051852 seconds .

========================================================================
Received Import Request.
  Time since last request: 0.000181 seconds.
  path: Assets/graphics/Salt.png
  artifactKey: Guid(1a11da199ded30645be60bbbdeec7011) Importer(815301076,1909f56bfc062723c751e8b465ee728b)
Start importing Assets/graphics/Salt.png using Guid(1a11da199ded30645be60bbbdeec7011) Importer(815301076,1909f56bfc062723c751e8b465ee728b)  -> (artifact id: '5652e9b3087c162000e756ccc14e1d7f') in 0.038890 seconds
  Import took 0.041291 seconds .

========================================================================
Received Import Request.
  Time since last request: 0.000128 seconds.
  path: Assets/graphics/Starving.png
  artifactKey: Guid(55c53222fa6f8d64b90e72ab12648f27) Importer(815301076,1909f56bfc062723c751e8b465ee728b)
Start importing Assets/graphics/Starving.png using Guid(55c53222fa6f8d64b90e72ab12648f27) Importer(815301076,1909f56bfc062723c751e8b465ee728b)  -> (artifact id: '3628e2d4c2efec46955d4874b99e3860') in 0.045932 seconds
  Import took 0.048238 seconds .

========================================================================
Received Import Request.
  Time since last request: 0.000140 seconds.
  path: Assets/graphics/Oxygen.png
  artifactKey: Guid(b8ee933f5c4b5bc42b883e500bbe04e0) Importer(815301076,1909f56bfc062723c751e8b465ee728b)
Start importing Assets/graphics/Oxygen.png using Guid(b8ee933f5c4b5bc42b883e500bbe04e0) Importer(815301076,1909f56bfc062723c751e8b465ee728b)  -> (artifact id: '22d00f52e014fed45178375810d582fe') in 0.028327 seconds
  Import took 0.030514 seconds .

========================================================================
Received Import Request.
  Time since last request: 0.000147 seconds.
  path: Assets/graphics/Hide_Pants.png
  artifactKey: Guid(f3ae8ed064539d44baa0e90fdfe37786) Importer(815301076,1909f56bfc062723c751e8b465ee728b)
Start importing Assets/graphics/Hide_Pants.png using Guid(f3ae8ed064539d44baa0e90fdfe37786) Importer(815301076,1909f56bfc062723c751e8b465ee728b)  -> (artifact id: '892ff6401f7b145313cb5b26c8dcc02d') in 0.037520 seconds
  Import took 0.039940 seconds .

========================================================================
Received Import Request.
  Time since last request: 0.000152 seconds.
  path: Assets/graphics/Health.png
  artifactKey: Guid(589f23b74acb2de4ca4bab00b487528b) Importer(815301076,1909f56bfc062723c751e8b465ee728b)
Start importing Assets/graphics/Health.png using Guid(589f23b74acb2de4ca4bab00b487528b) Importer(815301076,1909f56bfc062723c751e8b465ee728b)  -> (artifact id: 'ad2f55817265b85d819ead09e28aa885') in 0.038955 seconds
  Import took 0.041329 seconds .

========================================================================
Received Import Request.
  Time since last request: 0.000138 seconds.
  path: Assets/graphics/Metal.png
  artifactKey: Guid(9a153f46b4bdc3248a32da071ce74942) Importer(815301076,1909f56bfc062723c751e8b465ee728b)
Start importing Assets/graphics/Metal.png using Guid(9a153f46b4bdc3248a32da071ce74942) Importer(815301076,1909f56bfc062723c751e8b465ee728b)  -> (artifact id: '02f29102e021fc9e21ec5237a727fd0d') in 0.037836 seconds
  Import took 0.039931 seconds .

========================================================================
Received Import Request.
  Time since last request: 0.000133 seconds.
  path: Assets/graphics/Stone_Pick.png
  artifactKey: Guid(b979e7d2af3ecac4ea5425cc70947847) Importer(815301076,1909f56bfc062723c751e8b465ee728b)
Start importing Assets/graphics/Stone_Pick.png using Guid(b979e7d2af3ecac4ea5425cc70947847) Importer(815301076,1909f56bfc062723c751e8b465ee728b)  -> (artifact id: '8ef7fffa1d9f0c2796085f0799bb94a9') in 0.047657 seconds
  Import took 0.049839 seconds .

========================================================================
Received Import Request.
  Time since last request: 0.000142 seconds.
  path: Assets/graphics/Movement_Speed.png
  artifactKey: Guid(1c755fcfbae472c42bbd4e4b4e41a424) Importer(815301076,1909f56bfc062723c751e8b465ee728b)
Start importing Assets/graphics/Movement_Speed.png using Guid(1c755fcfbae472c42bbd4e4b4e41a424) Importer(815301076,1909f56bfc062723c751e8b465ee728b)  -> (artifact id: 'a922d0bc9e93d2c62d41918088442b40') in 0.031777 seconds
  Import took 0.033899 seconds .

========================================================================
Received Import Request.
  Time since last request: 0.000140 seconds.
  path: Assets/graphics/Stamina.png
  artifactKey: Guid(08b02b07b0873df4794c69b93483be52) Importer(815301076,1909f56bfc062723c751e8b465ee728b)
Start importing Assets/graphics/Stamina.png using Guid(08b02b07b0873df4794c69b93483be52) Importer(815301076,1909f56bfc062723c751e8b465ee728b)  -> (artifact id: 'f3b27dc80c2ce89dded35e1ac87c876e') in 0.026485 seconds
  Import took 0.028883 seconds .

========================================================================
Received Import Request.
  Time since last request: 0.000124 seconds.
  path: Assets/graphics/Hide_Shirt.png
  artifactKey: Guid(30a70a444dcf63f43b193b8613c84cba) Importer(815301076,1909f56bfc062723c751e8b465ee728b)
Start importing Assets/graphics/Hide_Shirt.png using Guid(30a70a444dcf63f43b193b8613c84cba) Importer(815301076,1909f56bfc062723c751e8b465ee728b)  -> (artifact id: '6bd0f773b975d92361f545a19a8ad669') in 0.049570 seconds
  Import took 0.051807 seconds .

========================================================================
Received Import Request.
  Time since last request: 0.000130 seconds.
  path: Assets/graphics/Hide_Boots.png
  artifactKey: Guid(de8eb6b627b61d44785a987746f4e719) Importer(815301076,1909f56bfc062723c751e8b465ee728b)
Start importing Assets/graphics/Hide_Boots.png using Guid(de8eb6b627b61d44785a987746f4e719) Importer(815301076,1909f56bfc062723c751e8b465ee728b)  -> (artifact id: '7555a36a5dbfb7614ea3770acd2cfcc1') in 0.053509 seconds
  Import took 0.055938 seconds .

========================================================================
Received Import Request.
  Time since last request: 0.000146 seconds.
  path: Assets/graphics/Weight.png
  artifactKey: Guid(8c45b0343b62f1f4a8268645030226f4) Importer(815301076,1909f56bfc062723c751e8b465ee728b)
Start importing Assets/graphics/Weight.png using Guid(8c45b0343b62f1f4a8268645030226f4) Importer(815301076,1909f56bfc062723c751e8b465ee728b)  -> (artifact id: '6334606a03b277623fe9ccc074ba492e') in 0.030215 seconds
  Import took 0.032655 seconds .

========================================================================
Received Import Request.
  Time since last request: 0.000128 seconds.
  path: Assets/graphics/img.png
  artifactKey: Guid(4d3bbc04d1501824f9cde73e98161581) Importer(815301076,1909f56bfc062723c751e8b465ee728b)
Start importing Assets/graphics/img.png using Guid(4d3bbc04d1501824f9cde73e98161581) Importer(815301076,1909f56bfc062723c751e8b465ee728b)  -> (artifact id: 'c4d193aac407974962347814c7339f24') in 0.047340 seconds
  Import took 0.051648 seconds .

========================================================================
Received Import Request.
  Time since last request: 0.000139 seconds.
  path: Assets/graphics/제목 없음.png
  artifactKey: Guid(2202f2ffab8d3d24a9b7a8a45fbff6e3) Importer(815301076,1909f56bfc062723c751e8b465ee728b)
Start importing Assets/graphics/제목 없음.png using Guid(2202f2ffab8d3d24a9b7a8a45fbff6e3) Importer(815301076,1909f56bfc062723c751e8b465ee728b)  -> (artifact id: '01cd581bdd3b52ea5c6381c6a0bc341c') in 0.039748 seconds
  Import took 0.042094 seconds .

========================================================================
Received Import Request.
  Time since last request: 0.000158 seconds.
  path: Assets/graphics/Stone_Hatchet.png
  artifactKey: Guid(bdc54860cac48024284a5890feb613b9) Importer(815301076,1909f56bfc062723c751e8b465ee728b)
Start importing Assets/graphics/Stone_Hatchet.png using Guid(bdc54860cac48024284a5890feb613b9) Importer(815301076,1909f56bfc062723c751e8b465ee728b)  -> (artifact id: 'd7e0b40028b0d5b6783138f560ee8a01') in 0.046815 seconds
  Import took 0.049601 seconds .

========================================================================
Received Import Request.
  Time since last request: 0.000163 seconds.
  path: Assets/graphics/Injured.png
  artifactKey: Guid(54e32af05a6258441bb659addff962cd) Importer(815301076,1909f56bfc062723c751e8b465ee728b)
Start importing Assets/graphics/Injured.png using Guid(54e32af05a6258441bb659addff962cd) Importer(815301076,1909f56bfc062723c751e8b465ee728b)  -> (artifact id: 'da9f16a6f1f6c9c06719a5698ac9c1b8') in 0.040008 seconds
  Import took 0.042328 seconds .

========================================================================
Received Import Request.
  Time since last request: 0.000134 seconds.
  path: Assets/graphics/inven.png
  artifactKey: Guid(5bb889977d3786340b919b986eb9067a) Importer(815301076,1909f56bfc062723c751e8b465ee728b)
Start importing Assets/graphics/inven.png using Guid(5bb889977d3786340b919b986eb9067a) Importer(815301076,1909f56bfc062723c751e8b465ee728b)  -> (artifact id: 'd086c4d526e7d9efae8d39078410f136') in 0.048437 seconds
  Import took 0.050905 seconds .

========================================================================
Received Import Request.
  Time since last request: 0.000127 seconds.
  path: Assets/graphics/Hide_Hat.png
  artifactKey: Guid(847c9829bc852c14f81bf9055c402712) Importer(815301076,1909f56bfc062723c751e8b465ee728b)
Start importing Assets/graphics/Hide_Hat.png using Guid(847c9829bc852c14f81bf9055c402712) Importer(815301076,1909f56bfc062723c751e8b465ee728b)  -> (artifact id: '8ff917c45a67bbff7dd2a3713e4901b8') in 0.042078 seconds
  Import took 0.044399 seconds .

========================================================================
Received Import Request.
  Time since last request: 0.000172 seconds.
  path: Assets/graphics/hp1.tif
  artifactKey: Guid(8746208e83e6dcf4dafd8a1b52886bd0) Importer(815301076,1909f56bfc062723c751e8b465ee728b)
Start importing Assets/graphics/hp1.tif using Guid(8746208e83e6dcf4dafd8a1b52886bd0) Importer(815301076,1909f56bfc062723c751e8b465ee728b)  -> (artifact id: '522ff9360434801a4f188440f6372f83') in 0.050251 seconds
  Import took 0.052807 seconds .

========================================================================
Received Import Request.
  Time since last request: 0.000150 seconds.
  path: Assets/graphics/Water.png
  artifactKey: Guid(7052a20744507b844b4cfb8b5a843d04) Importer(815301076,1909f56bfc062723c751e8b465ee728b)
Start importing Assets/graphics/Water.png using Guid(7052a20744507b844b4cfb8b5a843d04) Importer(815301076,1909f56bfc062723c751e8b465ee728b)  -> (artifact id: 'e2bad94c28f6acb9f3670e9457eb7b7b') in 0.028504 seconds
  Import took 0.030885 seconds .

========================================================================
Received Prepare
Registering precompiled user dll's ...
Registered in 0.000477 seconds.
Begin MonoManager ReloadAssembly
Native extension for WindowsStandalone target not found
Native extension for WebGL target not found
Refreshing native plugins compatible for Editor in 0.38 ms, found 1 plugins.
Preloading 0 native plugins for Editor in 0.00 ms.
Mono: successfully reloaded assembly
- Completed reload, in  0.546 seconds
Platform modules already initialized, skipping
Refreshing native plugins compatible for Editor in 0.30 ms, found 1 plugins.
Preloading 0 native plugins for Editor in 0.00 ms.
Unloading 1810 Unused Serialized files (Serialized files now loaded: 0)
System memory in use before: 88.0 MB.
System memory in use after: 88.1 MB.

Unloading 7 unused Assets to reduce memory usage. Loaded Objects now: 2385.
Total: 1.590500 ms (FindLiveObjects: 0.192500 ms CreateObjectMapping: 0.035600 ms MarkObjects: 1.349900 ms  DeleteObjects: 0.011900 ms)

========================================================================
Received Import Request.
  Time since last request: 268.283065 seconds.
  path: Assets/graphics/hpw.tif
  artifactKey: Guid(7cda40af0a088ba4aa97064b4c90e5df) Importer(815301076,1909f56bfc062723c751e8b465ee728b)
Start importing Assets/graphics/hpw.tif using Guid(7cda40af0a088ba4aa97064b4c90e5df) Importer(815301076,1909f56bfc062723c751e8b465ee728b)  -> (artifact id: '9beb30dc5fba9ee6903932f1ddb53802') in 0.302402 seconds
  Import took 0.305389 seconds .

AssetImportWorkerClient::OnTransportError - code=2 error=End of file
